<?xml version="1.0" encoding="UTF-8"?>
<!-- Generated by org.testng.reporters.JUnitXMLReporter -->
<testsuite ignored="4" hostname="SaratProBook" failures="0" tests="7" name="Test" time="0.157" errors="0" timestamp="21 Apr 2023 09:30:10 GMT">
  <testcase classname="TestCases.BaseClass" name="test1" time="0.011"/>
  <testcase classname="TestCases.BaseClass" name="test2" time="0.004"/>
  <testcase classname="TestCases.CarLoan" name="test3" time="0.007"/>
  <testcase classname="TestCases.BaseClass" name="test1" time="0.005"/>
  <testcase classname="TestCases.HomeLoanTest" name="test2" time="0.003"/>
  <testcase classname="TestCases.BaseClass" name="test1" time="0.004"/>
  <testcase classname="TestCases.BaseClass" name="test2" time="0.002"/>
  <testcase classname="TestCases.HomeLoanTest" name="@AfterTest method4" time="0.0">
    <ignored/>
  </testcase> <!-- @AfterTest method4 -->
  <testcase classname="TestCases.BaseClass" name="@AfterTest method4" time="0.0">
    <ignored/>
  </testcase> <!-- @AfterTest method4 -->
  <testcase classname="TestCases.BaseClass" name="@BeforeTest method3" time="0.0">
    <ignored/>
  </testcase> <!-- @BeforeTest method3 -->
  <testcase classname="TestCases.BaseClass" name="@BeforeTest method3" time="0.0">
    <ignored/>
  </testcase> <!-- @BeforeTest method3 -->
</testsuite> <!-- Test -->
