<?xml version="1.0" encoding="UTF-8"?>
<testng-results skipped="0" failed="0" ignored="0" total="2" passed="2">
  <reporter-output>
  </reporter-output>
  <suite name="Suite" duration-ms="78" started-at="2023-04-23T10:00:00Z" finished-at="2023-04-23T10:00:00Z">
    <groups>
    </groups>
    <test name="Test" duration-ms="78" started-at="2023-04-23T10:00:00Z" finished-at="2023-04-23T10:00:00Z">
      <class name="TestCases.HomeLoanTest">
        <test-method status="PASS" signature="method3()[pri:0, instance:TestCases.HomeLoanTest@6646153]" name="method3" is-config="true" duration-ms="43" started-at="2023-04-23T10:00:00Z" finished-at="2023-04-23T10:00:00Z">
          <reporter-output>
          </reporter-output>
        </test-method> <!-- method3 -->
        <test-method status="PASS" signature="method1()[pri:0, instance:TestCases.HomeLoanTest@6646153]" name="method1" is-config="true" duration-ms="1" started-at="2023-04-23T10:00:00Z" finished-at="2023-04-23T10:00:00Z">
          <reporter-output>
          </reporter-output>
        </test-method> <!-- method1 -->
        <test-method status="PASS" signature="test1()[pri:0, instance:TestCases.HomeLoanTest@6646153]" name="test1" duration-ms="3" started-at="2023-04-23T10:00:00Z" finished-at="2023-04-23T10:00:00Z">
          <reporter-output>
          </reporter-output>
        </test-method> <!-- test1 -->
        <test-method status="PASS" signature="method2()[pri:0, instance:TestCases.HomeLoanTest@6646153]" name="method2" is-config="true" duration-ms="1" started-at="2023-04-23T10:00:00Z" finished-at="2023-04-23T10:00:00Z">
          <reporter-output>
          </reporter-output>
        </test-method> <!-- method2 -->
        <test-method status="PASS" signature="method1()[pri:0, instance:TestCases.HomeLoanTest@6646153]" name="method1" is-config="true" duration-ms="0" started-at="2023-04-23T10:00:00Z" finished-at="2023-04-23T10:00:00Z">
          <reporter-output>
          </reporter-output>
        </test-method> <!-- method1 -->
        <test-method status="PASS" signature="test2()[pri:0, instance:TestCases.HomeLoanTest@6646153]" name="test2" duration-ms="0" started-at="2023-04-23T10:00:00Z" finished-at="2023-04-23T10:00:00Z">
          <reporter-output>
          </reporter-output>
        </test-method> <!-- test2 -->
        <test-method status="PASS" signature="method2()[pri:0, instance:TestCases.HomeLoanTest@6646153]" name="method2" is-config="true" duration-ms="0" started-at="2023-04-23T10:00:00Z" finished-at="2023-04-23T10:00:00Z">
          <reporter-output>
          </reporter-output>
        </test-method> <!-- method2 -->
        <test-method status="PASS" signature="method4()[pri:0, instance:TestCases.HomeLoanTest@6646153]" name="method4" is-config="true" duration-ms="0" started-at="2023-04-23T10:00:00Z" finished-at="2023-04-23T10:00:00Z">
          <reporter-output>
          </reporter-output>
        </test-method> <!-- method4 -->
      </class> <!-- TestCases.HomeLoanTest -->
    </test> <!-- Test -->
  </suite> <!-- Suite -->
</testng-results>
