<?xml version="1.0" encoding="UTF-8"?>
<testng-results ignored="0" total="2" passed="2" failed="0" skipped="0">
  <reporter-output>
  </reporter-output>
  <suite started-at="2023-04-23T21:45:51 NZST" name="Default suite" finished-at="2023-04-23T21:45:52 NZST" duration-ms="181">
    <groups>
    </groups>
    <test started-at="2023-04-23T21:45:51 NZST" name="Default test" finished-at="2023-04-23T21:45:52 NZST" duration-ms="181">
      <class name="TestCases.HomeLoanTest">
        <test-method is-config="true" signature="method3()[pri:0, instance:TestCases.HomeLoanTest@769f71a9]" started-at="2023-04-23T21:45:51 NZST" name="method3" finished-at="2023-04-23T21:45:51 NZST" duration-ms="20" status="PASS">
          <reporter-output>
          </reporter-output>
        </test-method> <!-- method3 -->
        <test-method is-config="true" signature="method1()[pri:0, instance:TestCases.HomeLoanTest@769f71a9]" started-at="2023-04-23T21:45:52 NZST" name="method1" finished-at="2023-04-23T21:45:52 NZST" duration-ms="2" status="PASS">
          <reporter-output>
          </reporter-output>
        </test-method> <!-- method1 -->
        <test-method signature="test1()[pri:0, instance:TestCases.HomeLoanTest@769f71a9]" started-at="2023-04-23T21:45:52 NZST" name="test1" finished-at="2023-04-23T21:45:52 NZST" duration-ms="21" status="PASS">
          <reporter-output>
          </reporter-output>
        </test-method> <!-- test1 -->
        <test-method is-config="true" signature="method2()[pri:0, instance:TestCases.HomeLoanTest@769f71a9]" started-at="2023-04-23T21:45:52 NZST" name="method2" finished-at="2023-04-23T21:45:52 NZST" duration-ms="1" status="PASS">
          <reporter-output>
          </reporter-output>
        </test-method> <!-- method2 -->
        <test-method is-config="true" signature="method1()[pri:0, instance:TestCases.HomeLoanTest@769f71a9]" started-at="2023-04-23T21:45:52 NZST" name="method1" finished-at="2023-04-23T21:45:52 NZST" duration-ms="1" status="PASS">
          <reporter-output>
          </reporter-output>
        </test-method> <!-- method1 -->
        <test-method signature="test2()[pri:0, instance:TestCases.HomeLoanTest@769f71a9]" started-at="2023-04-23T21:45:52 NZST" name="test2" finished-at="2023-04-23T21:45:52 NZST" duration-ms="28" status="PASS">
          <reporter-output>
          </reporter-output>
        </test-method> <!-- test2 -->
        <test-method is-config="true" signature="method2()[pri:0, instance:TestCases.HomeLoanTest@769f71a9]" started-at="2023-04-23T21:45:52 NZST" name="method2" finished-at="2023-04-23T21:45:52 NZST" duration-ms="1" status="PASS">
          <reporter-output>
          </reporter-output>
        </test-method> <!-- method2 -->
        <test-method is-config="true" signature="method4()[pri:0, instance:TestCases.HomeLoanTest@769f71a9]" started-at="2023-04-23T21:45:52 NZST" name="method4" finished-at="2023-04-23T21:45:52 NZST" duration-ms="1" status="PASS">
          <reporter-output>
          </reporter-output>
        </test-method> <!-- method4 -->
      </class> <!-- TestCases.HomeLoanTest -->
    </test> <!-- Default test -->
  </suite> <!-- Default suite -->
</testng-results>
